#
# A fatal error has been detected by the Java Runtime Environment:
#
#  EXCEPTION_ACCESS_VIOLATION (0xc0000005) at pc=0x0000000073b834d5, pid=4844, tid=0x0000000000001bd4
#
# JRE version: OpenJDK Runtime Environment (8.0_332-b08) (build 1.8.0_332-b08)
# Java VM: OpenJDK 64-Bit Server VM (25.332-b08 mixed mode windows-amd64 compressed oops)
# Problematic frame:
# V  [jvm.dll+0x1234d5]
#
# Failed to write core dump. Minidumps are not enabled by default on client versions of Windows
#
# If you would like to submit a bug report, please visit:
#   https://github.com/corretto/corretto-8/issues/
#

---------------  T H R E A D  ---------------

Current thread (0x00000254522bd000):  JavaThread "JavaFX Application Thread" [_thread_in_vm, id=7124, stack(0x000000738ed00000,0x000000738ee00000)]

siginfo: ExceptionCode=0xc0000005, reading address 0x0000000000000000

Registers:
RAX=0x0000000000000000, RBX=0x00000254522bd000, RCX=0x0000000000000d00, RDX=0x0000000000000000
RSP=0x000000738edfd140, RBP=0x0000000000000000, RSI=0x000000738edfd330, RDI=0x0000000000000000
R8 =0x000000000000000c, R9 =0x00000254545e9800, R10=0x000002544f54c180, R11=0x0000000000000004
R12=0x0000000000000000, R13=0x0000000000000001, R14=0x0000000000000000, R15=0x0000000000000000
RIP=0x0000000073b834d5, EFLAGS=0x0000000000010246

Top of Stack: (sp=0x000000738edfd140)
0x000000738edfd140:   00000254522bd258 0000000000000000
0x000000738edfd150:   00000254522bd258 000000000000001c
0x000000738edfd160:   00000254522bd258 00007ffb1d7cac52
0x000000738edfd170:   00000254548e0a7c 00000254522bd258
0x000000738edfd180:   00000254548e0a7c 00000254546de138
0x000000738edfd190:   0000000000000000 000000738edfd218
0x000000738edfd1a0:   0000000000000000 000000738edfd330
0x000000738edfd1b0:   00000254522bd258 00007ffb1d5172de
0x000000738edfd1c0:   00000254522bd258 0000000000000000
0x000000738edfd1d0:   0000552f68f79344 00007ffb1e475bf3
0x000000738edfd1e0:   000000738edfd210 00007ffb1d7caa70
0x000000738edfd1f0:   0000000000000000 000000738edfd330
0x000000738edfd200:   0000000000000000 000000738edfd330
0x000000738edfd210:   00000254a52280e0 0000000000000000
0x000000738edfd220:   0000000000000000 0000000000000000
0x000000738edfd230:   0000552f68f793c4 000000738edfd2c0 

Instructions: (pc=0x0000000073b834d5)
0x0000000073b834b5:   09 0f 00 c7 83 d0 02 00 00 06 00 00 00 40 f6 c7
0x0000000073b834c5:   01 74 0d 48 8b cf e8 90 4c 0c 00 48 8b c8 eb 03
0x0000000073b834d5:   48 8b 0f 80 3d 29 7a 6c 00 00 b8 10 00 00 00 ba
0x0000000073b834e5:   0c 00 00 00 0f 45 c2 48 98 8b 3c 08 c7 83 d0 02 


Register to memory mapping:

RAX=0x0000000000000000 is an unknown value
RBX=0x00000254522bd000 is a thread
RCX=0x0000000000000d00 is an unknown value
RDX=0x0000000000000000 is an unknown value
RSP=0x000000738edfd140 is pointing into the stack for thread: 0x00000254522bd000
RBP=0x0000000000000000 is an unknown value
RSI=0x000000738edfd330 is pointing into the stack for thread: 0x00000254522bd000
RDI=0x0000000000000000 is an unknown value
R8 =0x000000000000000c is an unknown value
R9 =0x00000254545e9800 is an unknown value
R10={method} {0x000002544f54c188} 'printStackTrace' '()V' in 'java/lang/Throwable'
R11=0x0000000000000004 is an unknown value
R12=0x0000000000000000 is an unknown value
R13=0x0000000000000001 is an unknown value
R14=0x0000000000000000 is an unknown value
R15=0x0000000000000000 is an unknown value


Stack: [0x000000738ed00000,0x000000738ee00000],  sp=0x000000738edfd140,  free space=1012k
Native frames: (J=compiled Java code, j=interpreted, Vv=VM code, C=native code)

Java frames: (J=compiled Java code, j=interpreted, Vv=VM code)
j  com.sun.webkit.network.URLLoader.twkDidFinishLoading(J)V+0
j  com.sun.webkit.network.URLLoader.notifyDidFinishLoading()V+44
j  com.sun.webkit.network.URLLoader.lambda$didFinishLoading$5()V+8
j  com.sun.webkit.network.URLLoader$$Lambda$190.run()V+4
j  com.sun.javafx.application.PlatformImpl.lambda$null$5(Ljava/lang/Runnable;)Ljava/lang/Void;+1
j  com.sun.javafx.application.PlatformImpl$$Lambda$74.run()Ljava/lang/Object;+4
v  ~StubRoutines::call_stub
J 2067  java.security.AccessController.doPrivileged(Ljava/security/PrivilegedAction;Ljava/security/AccessControlContext;)Ljava/lang/Object; (0 bytes) @ 0x000002542e13cf26 [0x000002542e13cec0+0x66]
j  com.sun.javafx.application.PlatformImpl.lambda$runLater$6(Ljava/lang/Runnable;Ljava/security/AccessControlContext;)V+7
j  com.sun.javafx.application.PlatformImpl$$Lambda$73.run()V+8
j  com.sun.glass.ui.InvokeLaterDispatcher$Future.run()V+4
v  ~StubRoutines::call_stub
j  com.sun.glass.ui.win.WinApplication._runLoop(Ljava/lang/Runnable;)V+0
j  com.sun.glass.ui.win.WinApplication.lambda$null$3(ILjava/lang/Runnable;)V+8
j  com.sun.glass.ui.win.WinApplication$$Lambda$62.run()V+12
j  java.lang.Thread.run()V+11
v  ~StubRoutines::call_stub

---------------  P R O C E S S  ---------------

Java Threads: ( => current thread )
  0x0000025454ad6000 JavaThread "URL-Loader-15" daemon [_thread_in_native, id=13620, stack(0x0000007391200000,0x0000007391300000)]
  0x0000025454ad8000 JavaThread "URL-Loader-14" daemon [_thread_blocked, id=24896, stack(0x0000007391100000,0x0000007391200000)]
  0x0000025454ada000 JavaThread "URL-Loader-13" daemon [_thread_blocked, id=6868, stack(0x0000007391000000,0x0000007391100000)]
  0x0000025454ace800 JavaThread "URL-Loader-12" daemon [_thread_blocked, id=16708, stack(0x0000007390f00000,0x0000007391000000)]
  0x0000025454ad5800 JavaThread "URL-Loader-11" daemon [_thread_blocked, id=14456, stack(0x0000007390e00000,0x0000007390f00000)]
  0x0000025454acd800 JavaThread "URL-Loader-10" daemon [_thread_in_native, id=12300, stack(0x0000007390d00000,0x0000007390e00000)]
  0x0000025454ad0000 JavaThread "URL-Loader-9" daemon [_thread_blocked, id=22812, stack(0x0000007390c00000,0x0000007390d00000)]
  0x0000025454ad4800 JavaThread "URL-Loader-8" daemon [_thread_blocked, id=18664, stack(0x0000007390b00000,0x0000007390c00000)]
  0x0000025454ad4000 JavaThread "Thread-7" daemon [_thread_in_native, id=28444, stack(0x0000007390a00000,0x0000007390b00000)]
  0x0000025454acf000 JavaThread "URL-Loader-7" daemon [_thread_blocked, id=26100, stack(0x0000007390600000,0x0000007390700000)]
  0x0000025454ad3000 JavaThread "URL-Loader-6" daemon [_thread_blocked, id=14472, stack(0x0000007390500000,0x0000007390600000)]
  0x0000025454acc000 JavaThread "URL-Loader-5" daemon [_thread_blocked, id=24100, stack(0x0000007390400000,0x0000007390500000)]
  0x0000025454acb800 JavaThread "URL-Loader-4" daemon [_thread_blocked, id=3036, stack(0x0000007390300000,0x0000007390400000)]
  0x0000025454acd000 JavaThread "URL-Loader-3" daemon [_thread_blocked, id=15392, stack(0x0000007390200000,0x0000007390300000)]
  0x0000025454ad1000 JavaThread "URL-Loader-2" daemon [_thread_blocked, id=21908, stack(0x0000007390100000,0x0000007390200000)]
  0x0000025454ad2800 JavaThread "Image Fetcher 1" daemon [_thread_blocked, id=25016, stack(0x000000738f700000,0x000000738f800000)]
  0x0000025454ad1800 JavaThread "Image Fetcher 0" daemon [_thread_blocked, id=26852, stack(0x000000738f600000,0x000000738f700000)]
  0x00000254522be800 JavaThread "URL-Loader-1" daemon [_thread_blocked, id=17136, stack(0x000000738f400000,0x000000738f500000)]
  0x00000254522c0000 JavaThread "Disposer" daemon [_thread_blocked, id=4056, stack(0x000000738f300000,0x000000738f400000)]
  0x00000254522bf000 JavaThread "Prism Font Disposer" daemon [_thread_blocked, id=28148, stack(0x000000738f200000,0x000000738f300000)]
  0x00000254522bd800 JavaThread "Thread-5" daemon [_thread_in_native, id=20976, stack(0x000000738e600000,0x000000738e700000)]
=>0x00000254522bd000 JavaThread "JavaFX Application Thread" [_thread_in_vm, id=7124, stack(0x000000738ed00000,0x000000738ee00000)]
  0x00000254522bb800 JavaThread "Thread-4" daemon [_thread_blocked, id=11776, stack(0x000000738ec00000,0x000000738ed00000)]
  0x0000025454348800 JavaThread "QuantumRenderer-0" daemon [_thread_blocked, id=13952, stack(0x000000738e700000,0x000000738e800000)]
  0x000002542be71800 JavaThread "DestroyJavaVM" [_thread_blocked, id=6764, stack(0x000000738bd00000,0x000000738be00000)]
  0x0000025454046800 JavaThread "AWT-EventQueue-0" [_thread_blocked, id=25656, stack(0x000000738e500000,0x000000738e600000)]
  0x00000254541b5000 JavaThread "AWT-Windows" daemon [_thread_in_native, id=16056, stack(0x000000738e400000,0x000000738e500000)]
  0x00000254541b4800 JavaThread "AWT-Shutdown" [_thread_blocked, id=28560, stack(0x000000738e300000,0x000000738e400000)]
  0x0000025454200800 JavaThread "Java2D Disposer" daemon [_thread_blocked, id=18960, stack(0x000000738e200000,0x000000738e300000)]
  0x0000025453bd7800 JavaThread "Keep-Alive-Timer" daemon [_thread_blocked, id=4312, stack(0x000000738e100000,0x000000738e200000)]
  0x00000254523ab800 JavaThread "Service Thread" daemon [_thread_blocked, id=11148, stack(0x000000738df00000,0x000000738e000000)]
  0x00000254522ba800 JavaThread "C1 CompilerThread11" daemon [_thread_in_native, id=2316, stack(0x000000738de00000,0x000000738df00000)]
  0x00000254522bc000 JavaThread "C1 CompilerThread10" daemon [_thread_blocked, id=13024, stack(0x000000738dd00000,0x000000738de00000)]
  0x00000254522c1000 JavaThread "C1 CompilerThread9" daemon [_thread_blocked, id=29556, stack(0x000000738dc00000,0x000000738dd00000)]
  0x00000254522b6000 JavaThread "C1 CompilerThread8" daemon [_thread_blocked, id=20380, stack(0x000000738db00000,0x000000738dc00000)]
  0x00000254522b3800 JavaThread "C2 CompilerThread7" daemon [_thread_blocked, id=24248, stack(0x000000738da00000,0x000000738db00000)]
  0x00000254522b2000 JavaThread "C2 CompilerThread6" daemon [_thread_blocked, id=18436, stack(0x000000738d900000,0x000000738da00000)]
  0x00000254522af000 JavaThread "C2 CompilerThread5" daemon [_thread_blocked, id=12696, stack(0x000000738d800000,0x000000738d900000)]
  0x00000254522ae800 JavaThread "C2 CompilerThread4" daemon [_thread_blocked, id=14240, stack(0x000000738d700000,0x000000738d800000)]
  0x00000254522a7800 JavaThread "C2 CompilerThread3" daemon [_thread_blocked, id=11352, stack(0x000000738d600000,0x000000738d700000)]
  0x00000254522a4800 JavaThread "C2 CompilerThread2" daemon [_thread_blocked, id=29396, stack(0x000000738d500000,0x000000738d600000)]
  0x00000254522a3800 JavaThread "C2 CompilerThread1" daemon [_thread_blocked, id=10392, stack(0x000000738d400000,0x000000738d500000)]
  0x00000254522a1000 JavaThread "C2 CompilerThread0" daemon [_thread_blocked, id=10476, stack(0x000000738d300000,0x000000738d400000)]
  0x000002545229f000 JavaThread "Monitor Ctrl-Break" daemon [_thread_in_native, id=24288, stack(0x000000738d200000,0x000000738d300000)]
  0x00000254521e5000 JavaThread "Attach Listener" daemon [_thread_blocked, id=6860, stack(0x000000738d100000,0x000000738d200000)]
  0x00000254521e4800 JavaThread "Signal Dispatcher" daemon [_thread_blocked, id=22120, stack(0x000000738d000000,0x000000738d100000)]
  0x000002545002d000 JavaThread "Finalizer" daemon [_thread_blocked, id=1288, stack(0x000000738cf00000,0x000000738d000000)]
  0x00000254521b3000 JavaThread "Reference Handler" daemon [_thread_blocked, id=25004, stack(0x000000738ce00000,0x000000738cf00000)]

Other Threads:
  0x0000025450015800 VMThread [stack: 0x000000738cd00000,0x000000738ce00000] [id=25976]
  0x00000254523ad000 WatcherThread [stack: 0x000000738e000000,0x000000738e100000] [id=25268]

VM state:not at safepoint (normal execution)

VM Mutex/Monitor currently owned by a thread: None

heap address: 0x00000005c4a00000, size: 8118 MB, Compressed Oops mode: Zero based, Oop shift amount: 3
Narrow klass base: 0x0000000000000000, Narrow klass shift: 3
Compressed class space size: 1073741824 Address: 0x00000007c0000000

Heap:
 PSYoungGen      total 151552K, used 78078K [0x0000000716e00000, 0x0000000726780000, 0x00000007c0000000)
  eden space 130048K, 56% used [0x0000000716e00000,0x000000071b63cfa8,0x000000071ed00000)
  from space 21504K, 19% used [0x000000071ed00000,0x000000071f102978,0x0000000720200000)
  to   space 21504K, 0% used [0x0000000725280000,0x0000000725280000,0x0000000726780000)
 ParOldGen       total 239104K, used 9224K [0x00000005c4a00000, 0x00000005d3380000, 0x0000000716e00000)
  object space 239104K, 3% used [0x00000005c4a00000,0x00000005c53023d8,0x00000005d3380000)
 Metaspace       used 28197K, capacity 28954K, committed 29232K, reserved 1075200K
  class space    used 3583K, capacity 3780K, committed 3888K, reserved 1048576K

Card table byte_map: [0x000002543cc80000,0x000002543dc60000] byte_map_base: 0x0000025439e5b000

Marking Bits: (ParMarkBitMap*) 0x0000000074257850
 Begin Bits: [0x000002543e700000, 0x00000254465d8000)
 End Bits:   [0x00000254465d8000, 0x000002544e4b0000)

Polling page: 0x000002542be20000

CodeCache: size=245760Kb used=10693Kb max_used=10693Kb free=235066Kb
 bounds [0x000002542d8c0000, 0x000002542e340000, 0x000002543c8c0000]
 total_blobs=3494 nmethods=2646 adapters=757
 compilation: enabled

Compilation events (10 events):
Event: 1.810 Thread 0x00000254522b6000 nmethod 2635 0x000002542e31e250 code [0x000002542e31e3c0, 0x000002542e31e610]
Event: 1.810 Thread 0x00000254522b6000 2642       3       java.io.Writer::write (11 bytes)
Event: 1.810 Thread 0x00000254522b6000 nmethod 2642 0x000002542e31dc90 code [0x000002542e31de00, 0x000002542e31e110]
Event: 1.810 Thread 0x00000254522b6000 2643       3       java.io.BufferedWriter::min (9 bytes)
Event: 1.810 Thread 0x00000254522bc000 2636       3       sun.nio.cs.StreamEncoder::ensureOpen (18 bytes)
Event: 1.810 Thread 0x00000254522c1000 2637   !   3       java.io.BufferedWriter::flushBuffer (53 bytes)
Event: 1.810 Thread 0x00000254522b6000 nmethod 2643 0x000002542e331a90 code [0x000002542e331be0, 0x000002542e331d78]
Event: 1.810 Thread 0x00000254522b6000 2638       3       java.io.OutputStreamWriter::write (11 bytes)
Event: 1.810 Thread 0x00000254522b6000 nmethod 2638 0x000002542e331e10 code [0x000002542e331f80, 0x000002542e332130]
Event: 1.810 Thread 0x00000254522b6000 2639   !   3       sun.nio.cs.StreamEncoder::write (78 bytes)

GC Heap History (8 events):
Event: 1.079 GC heap before
{Heap before GC invocations=1 (full 0):
 PSYoungGen      total 151552K, used 86206K [0x0000000716e00000, 0x0000000721700000, 0x00000007c0000000)
  eden space 130048K, 66% used [0x0000000716e00000,0x000000071c22fa20,0x000000071ed00000)
  from space 21504K, 0% used [0x0000000720200000,0x0000000720200000,0x0000000721700000)
  to   space 21504K, 0% used [0x000000071ed00000,0x000000071ed00000,0x0000000720200000)
 ParOldGen       total 347136K, used 0K [0x00000005c4a00000, 0x00000005d9d00000, 0x0000000716e00000)
  object space 347136K, 0% used [0x00000005c4a00000,0x00000005c4a00000,0x00000005d9d00000)
 Metaspace       used 20745K, capacity 21104K, committed 21296K, reserved 1069056K
  class space    used 2469K, capacity 2579K, committed 2608K, reserved 1048576K
Event: 1.086 GC heap after
Heap after GC invocations=1 (full 0):
 PSYoungGen      total 151552K, used 9715K [0x0000000716e00000, 0x0000000721700000, 0x00000007c0000000)
  eden space 130048K, 0% used [0x0000000716e00000,0x0000000716e00000,0x000000071ed00000)
  from space 21504K, 45% used [0x000000071ed00000,0x000000071f67ce20,0x0000000720200000)
  to   space 21504K, 0% used [0x0000000720200000,0x0000000720200000,0x0000000721700000)
 ParOldGen       total 347136K, used 32K [0x00000005c4a00000, 0x00000005d9d00000, 0x0000000716e00000)
  object space 347136K, 0% used [0x00000005c4a00000,0x00000005c4a08000,0x00000005d9d00000)
 Metaspace       used 20745K, capacity 21104K, committed 21296K, reserved 1069056K
  class space    used 2469K, capacity 2579K, committed 2608K, reserved 1048576K
}
Event: 1.086 GC heap before
{Heap before GC invocations=2 (full 1):
 PSYoungGen      total 151552K, used 9715K [0x0000000716e00000, 0x0000000721700000, 0x00000007c0000000)
  eden space 130048K, 0% used [0x0000000716e00000,0x0000000716e00000,0x000000071ed00000)
  from space 21504K, 45% used [0x000000071ed00000,0x000000071f67ce20,0x0000000720200000)
  to   space 21504K, 0% used [0x0000000720200000,0x0000000720200000,0x0000000721700000)
 ParOldGen       total 347136K, used 32K [0x00000005c4a00000, 0x00000005d9d00000, 0x0000000716e00000)
  object space 347136K, 0% used [0x00000005c4a00000,0x00000005c4a08000,0x00000005d9d00000)
 Metaspace       used 20745K, capacity 21104K, committed 21296K, reserved 1069056K
  class space    used 2469K, capacity 2579K, committed 2608K, reserved 1048576K
Event: 1.111 GC heap after
Heap after GC invocations=2 (full 1):
 PSYoungGen      total 151552K, used 0K [0x0000000716e00000, 0x0000000721700000, 0x00000007c0000000)
  eden space 130048K, 0% used [0x0000000716e00000,0x0000000716e00000,0x000000071ed00000)
  from space 21504K, 0% used [0x000000071ed00000,0x000000071ed00000,0x0000000720200000)
  to   space 21504K, 0% used [0x0000000720200000,0x0000000720200000,0x0000000721700000)
 ParOldGen       total 239104K, used 9216K [0x00000005c4a00000, 0x00000005d3380000, 0x0000000716e00000)
  object space 239104K, 3% used [0x00000005c4a00000,0x00000005c53003d8,0x00000005d3380000)
 Metaspace       used 20745K, capacity 21104K, committed 21296K, reserved 1069056K
  class space    used 2469K, capacity 2579K, committed 2608K, reserved 1048576K
}
Event: 1.518 GC heap before
{Heap before GC invocations=3 (full 1):
 PSYoungGen      total 151552K, used 129976K [0x0000000716e00000, 0x0000000721700000, 0x00000007c0000000)
  eden space 130048K, 99% used [0x0000000716e00000,0x000000071ecee260,0x000000071ed00000)
  from space 21504K, 0% used [0x000000071ed00000,0x000000071ed00000,0x0000000720200000)
  to   space 21504K, 0% used [0x0000000720200000,0x0000000720200000,0x0000000721700000)
 ParOldGen       total 239104K, used 9216K [0x00000005c4a00000, 0x00000005d3380000, 0x0000000716e00000)
  object space 239104K, 3% used [0x00000005c4a00000,0x00000005c53003d8,0x00000005d3380000)
 Metaspace       used 27666K, capacity 28440K, committed 28592K, reserved 1075200K
  class space    used 3520K, capacity 3697K, committed 3760K, reserved 1048576K
Event: 1.525 GC heap after
Heap after GC invocations=3 (full 1):
 PSYoungGen      total 151552K, used 10523K [0x0000000716e00000, 0x0000000724180000, 0x00000007c0000000)
  eden space 130048K, 0% used [0x0000000716e00000,0x0000000716e00000,0x000000071ed00000)
  from space 21504K, 48% used [0x0000000720200000,0x0000000720c46ea8,0x0000000721700000)
  to   space 21504K, 0% used [0x000000071ed00000,0x000000071ed00000,0x0000000720200000)
 ParOldGen       total 239104K, used 9224K [0x00000005c4a00000, 0x00000005d3380000, 0x0000000716e00000)
  object space 239104K, 3% used [0x00000005c4a00000,0x00000005c53023d8,0x00000005d3380000)
 Metaspace       used 27666K, capacity 28440K, committed 28592K, reserved 1075200K
  class space    used 3520K, capacity 3697K, committed 3760K, reserved 1048576K
}
Event: 1.549 GC heap before
{Heap before GC invocations=4 (full 1):
 PSYoungGen      total 151552K, used 140520K [0x0000000716e00000, 0x0000000724180000, 0x00000007c0000000)
  eden space 130048K, 99% used [0x0000000716e00000,0x000000071ecf3260,0x000000071ed00000)
  from space 21504K, 48% used [0x0000000720200000,0x0000000720c46ea8,0x0000000721700000)
  to   space 21504K, 0% used [0x000000071ed00000,0x000000071ed00000,0x0000000720200000)
 ParOldGen       total 239104K, used 9224K [0x00000005c4a00000, 0x00000005d3380000, 0x0000000716e00000)
  object space 239104K, 3% used [0x00000005c4a00000,0x00000005c53023d8,0x00000005d3380000)
 Metaspace       used 27675K, capacity 28442K, committed 28592K, reserved 1075200K
  class space    used 3522K, capacity 3698K, committed 3760K, reserved 1048576K
Event: 1.551 GC heap after
Heap after GC invocations=4 (full 1):
 PSYoungGen      total 151552K, used 4106K [0x0000000716e00000, 0x0000000726780000, 0x00000007c0000000)
  eden space 130048K, 0% used [0x0000000716e00000,0x0000000716e00000,0x000000071ed00000)
  from space 21504K, 19% used [0x000000071ed00000,0x000000071f102978,0x0000000720200000)
  to   space 21504K, 0% used [0x0000000725280000,0x0000000725280000,0x0000000726780000)
 ParOldGen       total 239104K, used 9224K [0x00000005c4a00000, 0x00000005d3380000, 0x0000000716e00000)
  object space 239104K, 3% used [0x00000005c4a00000,0x00000005c53023d8,0x00000005d3380000)
 Metaspace       used 27675K, capacity 28442K, committed 28592K, reserved 1075200K
  class space    used 3522K, capacity 3698K, committed 3760K, reserved 1048576K
}

Deoptimization events (10 events):
Event: 1.583 Thread 0x00000254522be800 Uncommon trap: reason=unstable_if action=reinterpret pc=0x000002542e21fc78 method=sun.text.normalizer.UnicodeSet.findCodePoint(I)I @ 32
Event: 1.584 Thread 0x00000254522be800 Uncommon trap: reason=class_check action=maybe_recompile pc=0x000002542e25dbbc method=java.util.regex.Pattern$Curly.match(Ljava/util/regex/Matcher;ILjava/lang/CharSequence;)Z @ 19
Event: 1.584 Thread 0x00000254522be800 Uncommon trap: reason=class_check action=maybe_recompile pc=0x000002542e25dbbc method=java.util.regex.Pattern$Curly.match(Ljava/util/regex/Matcher;ILjava/lang/CharSequence;)Z @ 19
Event: 1.584 Thread 0x00000254522be800 Uncommon trap: reason=class_check action=maybe_recompile pc=0x000002542e25dbbc method=java.util.regex.Pattern$Curly.match(Ljava/util/regex/Matcher;ILjava/lang/CharSequence;)Z @ 19
Event: 1.584 Thread 0x00000254522be800 Uncommon trap: reason=class_check action=maybe_recompile pc=0x000002542e25dbbc method=java.util.regex.Pattern$Curly.match(Ljava/util/regex/Matcher;ILjava/lang/CharSequence;)Z @ 19
Event: 1.592 Thread 0x00000254522bd000 Uncommon trap: reason=bimorphic action=maybe_recompile pc=0x000002542df2e828 method=java.util.HashMap.putVal(ILjava/lang/Object;Ljava/lang/Object;ZZ)Ljava/lang/Object; @ 91
Event: 1.666 Thread 0x0000025454acc000 Uncommon trap: reason=unstable_if action=reinterpret pc=0x000002542e29fbe0 method=java.net.IDN.toASCIIInternal(Ljava/lang/String;I)Ljava/lang/String; @ 72
Event: 1.666 Thread 0x0000025454acb800 Uncommon trap: reason=unstable_if action=reinterpret pc=0x000002542e29fbe0 method=java.net.IDN.toASCIIInternal(Ljava/lang/String;I)Ljava/lang/String; @ 72
Event: 1.666 Thread 0x0000025454ad1000 Uncommon trap: reason=unstable_if action=reinterpret pc=0x000002542e29fbe0 method=java.net.IDN.toASCIIInternal(Ljava/lang/String;I)Ljava/lang/String; @ 72
Event: 1.739 Thread 0x00000254522bd000 Uncommon trap: reason=unstable_if action=reinterpret pc=0x000002542dd7dba8 method=java.io.ByteArrayInputStream.read()I @ 8

Classes redefined (0 events):
No events

Internal exceptions (10 events):
Event: 0.816 Thread 0x0000025454046800 Implicit null exception at 0x000002542dc521af to 0x000002542dc52219
Event: 1.051 Thread 0x00000254522bd000 Implicit null exception at 0x000002542de8d74f to 0x000002542de8dbc5
Event: 1.052 Thread 0x0000025454046800 Exception <a 'java/lang/NullPointerException'> (0x000000071ac910d0) thrown at [C:\wsjdk\Corretto8Src\installers\windows\zip\corretto-build\buildRoot\src\hotspot\src\share\vm\interpreter\linkResolver.cpp, line 1185]
Event: 1.069 Thread 0x00000254522bd000 Exception <a 'java/lang/NullPointerException'> (0x000000071bd6c3e0) thrown at [C:\wsjdk\Corretto8Src\installers\windows\zip\corretto-build\buildRoot\src\hotspot\src\share\vm\interpreter\linkResolver.cpp, line 1185]
Event: 1.069 Thread 0x00000254522bd000 Exception <a 'java/lang/NullPointerException'> (0x000000071bd6c3e0) thrown at [C:\wsjdk\Corretto8Src\installers\windows\zip\corretto-build\buildRoot\src\hotspot\src\share\vm\prims\jvm.cpp, line 1528]
Event: 1.304 Thread 0x00000254522bd000 Exception <a 'sun/nio/fs/WindowsException'> (0x0000000718882c60) thrown at [C:\wsjdk\Corretto8Src\installers\windows\zip\corretto-build\buildRoot\src\hotspot\src\share\vm\prims\jni.cpp, line 711]
Event: 1.305 Thread 0x00000254522bd000 Exception <a 'sun/nio/fs/WindowsException'> (0x0000000718887120) thrown at [C:\wsjdk\Corretto8Src\installers\windows\zip\corretto-build\buildRoot\src\hotspot\src\share\vm\prims\jni.cpp, line 711]
Event: 1.700 Thread 0x0000025454ad4000 Exception <a 'sun/nio/fs/WindowsException'> (0x000000071af68b70) thrown at [C:\wsjdk\Corretto8Src\installers\windows\zip\corretto-build\buildRoot\src\hotspot\src\share\vm\prims\jni.cpp, line 711]
Event: 1.810 Thread 0x00000254522bd000 Exception <a 'java/lang/UnsatisfiedLinkError'> (0x000000071b2c29c0) thrown at [C:\wsjdk\Corretto8Src\installers\windows\zip\corretto-build\buildRoot\src\hotspot\src\share\vm\prims\jvm.cpp, line 1528]
Event: 1.810 Thread 0x00000254522bd000 Exception <a 'java/lang/UnsatisfiedLinkError'> (0x000000071b2c29c0) thrown at [C:\wsjdk\Corretto8Src\installers\windows\zip\corretto-build\buildRoot\src\hotspot\src\share\vm\oops\instanceKlass.cpp, line 964]

Events (10 events):
Event: 1.807 loading class com/sun/media/jfxmediaimpl/NativeMediaManager$NativeMediaManagerInitializer
Event: 1.807 loading class com/sun/media/jfxmediaimpl/NativeMediaManager$NativeMediaManagerInitializer done
Event: 1.807 loading class com/sun/media/jfxmediaimpl/HostUtils
Event: 1.807 loading class com/sun/media/jfxmediaimpl/HostUtils done
Event: 1.809 loading class java/lang/ClassLoaderHelper
Event: 1.809 loading class java/lang/ClassLoaderHelper done
Event: 1.810 loading class java/lang/Throwable$WrappedPrintStream
Event: 1.810 loading class java/lang/Throwable$PrintStreamOrWriter
Event: 1.810 loading class java/lang/Throwable$PrintStreamOrWriter done
Event: 1.810 loading class java/lang/Throwable$WrappedPrintStream done


Dynamic libraries:
0x00007ff605230000 - 0x00007ff60526a000 	C:\Users\kubas\.jdks\corretto-1.8.0_332\bin\java.exe
0x00007ffbbe7e0000 - 0x00007ffbbe9e9000 	C:\Windows\SYSTEM32\ntdll.dll
0x00007ffbbcf30000 - 0x00007ffbbcfee000 	C:\Windows\System32\KERNEL32.DLL
0x00007ffbbc0d0000 - 0x00007ffbbc44c000 	C:\Windows\System32\KERNELBASE.dll
0x00007ffbbd570000 - 0x00007ffbbd61e000 	C:\Windows\System32\ADVAPI32.dll
0x00007ffbbcaf0000 - 0x00007ffbbcb93000 	C:\Windows\System32\msvcrt.dll
0x00007ffbbdfb0000 - 0x00007ffbbe04e000 	C:\Windows\System32\sechost.dll
0x00007ffbbcbf0000 - 0x00007ffbbcd10000 	C:\Windows\System32\RPCRT4.dll
0x00007ffbbe4d0000 - 0x00007ffbbe67d000 	C:\Windows\System32\USER32.dll
0x00007ffbbbcb0000 - 0x00007ffbbbcd6000 	C:\Windows\System32\win32u.dll
0x00007ffbbe680000 - 0x00007ffbbe6a9000 	C:\Windows\System32\GDI32.dll
0x00007ffbbc450000 - 0x00007ffbbc568000 	C:\Windows\System32\gdi32full.dll
0x00007ffbbc030000 - 0x00007ffbbc0cd000 	C:\Windows\System32\msvcp_win.dll
0x00007ffbbbf10000 - 0x00007ffbbc021000 	C:\Windows\System32\ucrtbase.dll
0x00007ffba1f70000 - 0x00007ffba2215000 	C:\Windows\WinSxS\amd64_microsoft.windows.common-controls_6595b64144ccf1df_6.0.22000.120_none_9d947278b86cc467\COMCTL32.dll
0x00007ffbbcbb0000 - 0x00007ffbbcbe1000 	C:\Windows\System32\IMM32.DLL
0x00007ffb5c940000 - 0x00007ffb5ca2f000 	C:\Users\kubas\.jdks\corretto-1.8.0_332\jre\bin\msvcr120.dll
0x00007ffb5c890000 - 0x00007ffb5c936000 	C:\Users\kubas\.jdks\corretto-1.8.0_332\jre\bin\msvcp120.dll
0x0000000073a60000 - 0x00000000742d6000 	C:\Users\kubas\.jdks\corretto-1.8.0_332\jre\bin\server\jvm.dll
0x00007ffbbe4c0000 - 0x00007ffbbe4c8000 	C:\Windows\System32\PSAPI.DLL
0x00007ffbb23b0000 - 0x00007ffbb23ba000 	C:\Windows\SYSTEM32\VERSION.dll
0x00007ffbb29e0000 - 0x00007ffbb29e9000 	C:\Windows\SYSTEM32\WSOCK32.dll
0x00007ffba5690000 - 0x00007ffba56c3000 	C:\Windows\SYSTEM32\WINMM.dll
0x00007ffbbc700000 - 0x00007ffbbc76f000 	C:\Windows\System32\WS2_32.dll
0x00007ffbaea40000 - 0x00007ffbaea4f000 	C:\Users\kubas\.jdks\corretto-1.8.0_332\jre\bin\verify.dll
0x00007ffba6730000 - 0x00007ffba6759000 	C:\Users\kubas\.jdks\corretto-1.8.0_332\jre\bin\java.dll
0x00007ffba3570000 - 0x00007ffba359a000 	C:\Users\kubas\.jdks\corretto-1.8.0_332\jre\bin\instrument.dll
0x00007ffba6770000 - 0x00007ffba6786000 	C:\Users\kubas\.jdks\corretto-1.8.0_332\jre\bin\zip.dll
0x00007ffbbd700000 - 0x00007ffbbdec5000 	C:\Windows\System32\SHELL32.dll
0x00007ffbb9db0000 - 0x00007ffbba615000 	C:\Windows\SYSTEM32\windows.storage.dll
0x00007ffbbc770000 - 0x00007ffbbcae6000 	C:\Windows\System32\combase.dll
0x00007ffbb9c40000 - 0x00007ffbb9da6000 	C:\Windows\SYSTEM32\wintypes.dll
0x00007ffbbcff0000 - 0x00007ffbbd0da000 	C:\Windows\System32\SHCORE.dll
0x00007ffbbd0e0000 - 0x00007ffbbd13d000 	C:\Windows\System32\shlwapi.dll
0x00007ffbbbbe0000 - 0x00007ffbbbc01000 	C:\Windows\SYSTEM32\profapi.dll
0x00007ffba53c0000 - 0x00007ffba53da000 	C:\Program Files\JetBrains\IntelliJ IDEA 2022.2\bin\breakgen64.dll
0x00007ffba6460000 - 0x00007ffba647a000 	C:\Users\kubas\.jdks\corretto-1.8.0_332\jre\bin\net.dll
0x00007ffbbb2c0000 - 0x00007ffbbb327000 	C:\Windows\system32\mswsock.dll
0x00007ffbba900000 - 0x00007ffbba9e8000 	C:\Windows\SYSTEM32\DNSAPI.dll
0x00007ffbba8d0000 - 0x00007ffbba8fd000 	C:\Windows\SYSTEM32\IPHLPAPI.DLL
0x00007ffbbd540000 - 0x00007ffbbd549000 	C:\Windows\System32\NSI.dll
0x00007ffbb2cf0000 - 0x00007ffbb2cfa000 	C:\Windows\System32\rasadhlp.dll
0x00007ffbb23c0000 - 0x00007ffbb2441000 	C:\Windows\System32\fwpuclnt.dll
0x00007ffba34f0000 - 0x00007ffba3513000 	C:\Users\kubas\.jdks\corretto-1.8.0_332\jre\bin\sunec.dll
0x00007ffbbb500000 - 0x00007ffbbb518000 	C:\Windows\SYSTEM32\CRYPTSP.dll
0x00007ffbbad80000 - 0x00007ffbbadb5000 	C:\Windows\system32\rsaenh.dll
0x00007ffbbb3b0000 - 0x00007ffbbb3d9000 	C:\Windows\SYSTEM32\USERENV.dll
0x00007ffbbb690000 - 0x00007ffbbb6b7000 	C:\Windows\SYSTEM32\bcrypt.dll
0x00007ffbbc5e0000 - 0x00007ffbbc65f000 	C:\Windows\System32\bcryptprimitives.dll
0x00007ffbbb520000 - 0x00007ffbbb52c000 	C:\Windows\SYSTEM32\CRYPTBASE.dll
0x00007ffbb2d00000 - 0x00007ffbb2d19000 	C:\Windows\SYSTEM32\dhcpcsvc6.DLL
0x00007ffbb33c0000 - 0x00007ffbb33de000 	C:\Windows\SYSTEM32\dhcpcsvc.DLL
0x00007ffba6320000 - 0x00007ffba6332000 	C:\Users\kubas\.jdks\corretto-1.8.0_332\jre\bin\nio.dll
0x00007ffba69a0000 - 0x00007ffba69ac000 	C:\Users\kubas\.jdks\corretto-1.8.0_332\jre\bin\sunmscapi.dll
0x00007ffbbbda0000 - 0x00007ffbbbf02000 	C:\Windows\System32\CRYPT32.dll
0x00007ffbbb660000 - 0x00007ffbbb688000 	C:\Windows\SYSTEM32\ncrypt.dll
0x00007ffbbb620000 - 0x00007ffbbb657000 	C:\Windows\SYSTEM32\NTASN1.dll
0x00007ffb5be90000 - 0x00007ffb5c025000 	C:\Users\kubas\.jdks\corretto-1.8.0_332\jre\bin\awt.dll
0x00007ffbbd620000 - 0x00007ffbbd6f6000 	C:\Windows\System32\OLEAUT32.dll
0x00007ffbb64a0000 - 0x00007ffbb6531000 	C:\Windows\SYSTEM32\apphelp.dll
0x00007ffbb65e0000 - 0x00007ffbb668c000 	C:\Windows\system32\uxtheme.dll
0x00007ffbbd260000 - 0x00007ffbbd37d000 	C:\Windows\System32\MSCTF.dll
0x00007ffbbcd90000 - 0x00007ffbbcf2a000 	C:\Windows\System32\ole32.dll
0x00007ffbbae20000 - 0x00007ffbbae38000 	C:\Windows\SYSTEM32\kernel.appcore.dll
0x00007ffbb9630000 - 0x00007ffbb965f000 	C:\Windows\system32\DWMAPI.DLL
0x00007ffb766d0000 - 0x00007ffb767d1000 	C:\Windows\system32\opengl32.dll
0x00007ffba5480000 - 0x00007ffba54ad000 	C:\Windows\SYSTEM32\GLU32.dll
0x00007ffbb9470000 - 0x00007ffbb94a8000 	C:\Windows\SYSTEM32\dxcore.dll
0x00007ffb5c550000 - 0x00007ffb5c5f0000 	C:\Users\kubas\.jdks\corretto-1.8.0_332\jre\bin\freetype.dll
0x00007ffb5b3c0000 - 0x00007ffb5b495000 	C:\Users\kubas\.jdks\corretto-1.8.0_332\jre\bin\fontmanager.dll
0x00007ffb90d80000 - 0x00007ffb90ead000 	C:\Windows\SYSTEM32\textinputframework.dll
0x00007ffbb61a0000 - 0x00007ffbb62d1000 	C:\Windows\SYSTEM32\CoreMessaging.dll
0x00007ffbb2000000 - 0x00007ffbb236d000 	C:\Windows\SYSTEM32\CoreUIComponents.dll
0x0000025455c60000 - 0x0000025455c63000 	C:\Users\kubas\.jdks\corretto-1.8.0_332\jre\bin\api-ms-win-core-console-l1-1-0.dll
0x0000025455c70000 - 0x0000025455c73000 	C:\Users\kubas\.jdks\corretto-1.8.0_332\jre\bin\api-ms-win-core-datetime-l1-1-0.dll
0x0000025455c80000 - 0x0000025455c83000 	C:\Users\kubas\.jdks\corretto-1.8.0_332\jre\bin\api-ms-win-core-debug-l1-1-0.dll
0x0000025455c90000 - 0x0000025455c93000 	C:\Users\kubas\.jdks\corretto-1.8.0_332\jre\bin\api-ms-win-core-errorhandling-l1-1-0.dll
0x0000025455ca0000 - 0x0000025455ca4000 	C:\Users\kubas\.jdks\corretto-1.8.0_332\jre\bin\api-ms-win-core-file-l1-1-0.dll
0x00000254566a0000 - 0x00000254566a3000 	C:\Users\kubas\.jdks\corretto-1.8.0_332\jre\bin\api-ms-win-core-file-l1-2-0.dll
0x00000254566b0000 - 0x00000254566b3000 	C:\Users\kubas\.jdks\corretto-1.8.0_332\jre\bin\api-ms-win-core-file-l2-1-0.dll
0x00000254566c0000 - 0x00000254566c3000 	C:\Users\kubas\.jdks\corretto-1.8.0_332\jre\bin\api-ms-win-core-handle-l1-1-0.dll
0x00000254566d0000 - 0x00000254566d3000 	C:\Users\kubas\.jdks\corretto-1.8.0_332\jre\bin\api-ms-win-core-heap-l1-1-0.dll
0x00000254566e0000 - 0x00000254566e3000 	C:\Users\kubas\.jdks\corretto-1.8.0_332\jre\bin\api-ms-win-core-interlocked-l1-1-0.dll
0x00000254566f0000 - 0x00000254566f3000 	C:\Users\kubas\.jdks\corretto-1.8.0_332\jre\bin\api-ms-win-core-libraryloader-l1-1-0.dll
0x0000025456700000 - 0x0000025456703000 	C:\Users\kubas\.jdks\corretto-1.8.0_332\jre\bin\api-ms-win-core-localization-l1-2-0.dll
0x0000025456710000 - 0x0000025456713000 	C:\Users\kubas\.jdks\corretto-1.8.0_332\jre\bin\api-ms-win-core-memory-l1-1-0.dll
0x0000025456720000 - 0x0000025456723000 	C:\Users\kubas\.jdks\corretto-1.8.0_332\jre\bin\api-ms-win-core-namedpipe-l1-1-0.dll
0x0000025456730000 - 0x0000025456733000 	C:\Users\kubas\.jdks\corretto-1.8.0_332\jre\bin\api-ms-win-core-processenvironment-l1-1-0.dll
0x0000025456740000 - 0x0000025456743000 	C:\Users\kubas\.jdks\corretto-1.8.0_332\jre\bin\api-ms-win-core-processthreads-l1-1-0.dll
0x0000025456750000 - 0x0000025456753000 	C:\Users\kubas\.jdks\corretto-1.8.0_332\jre\bin\api-ms-win-core-processthreads-l1-1-1.dll
0x0000025456760000 - 0x0000025456763000 	C:\Users\kubas\.jdks\corretto-1.8.0_332\jre\bin\api-ms-win-core-profile-l1-1-0.dll
0x0000025456770000 - 0x0000025456773000 	C:\Users\kubas\.jdks\corretto-1.8.0_332\jre\bin\api-ms-win-core-rtlsupport-l1-1-0.dll
0x0000025456780000 - 0x0000025456783000 	C:\Users\kubas\.jdks\corretto-1.8.0_332\jre\bin\api-ms-win-core-string-l1-1-0.dll
0x0000025456790000 - 0x0000025456793000 	C:\Users\kubas\.jdks\corretto-1.8.0_332\jre\bin\api-ms-win-core-synch-l1-1-0.dll
0x00000254567a0000 - 0x00000254567a3000 	C:\Users\kubas\.jdks\corretto-1.8.0_332\jre\bin\api-ms-win-core-synch-l1-2-0.dll
0x00000254567b0000 - 0x00000254567b3000 	C:\Users\kubas\.jdks\corretto-1.8.0_332\jre\bin\api-ms-win-core-sysinfo-l1-1-0.dll
0x00000254567c0000 - 0x00000254567c3000 	C:\Users\kubas\.jdks\corretto-1.8.0_332\jre\bin\api-ms-win-core-timezone-l1-1-0.dll
0x00000254567d0000 - 0x00000254567d3000 	C:\Users\kubas\.jdks\corretto-1.8.0_332\jre\bin\api-ms-win-core-util-l1-1-0.dll
0x00000254567e0000 - 0x00000254567e3000 	C:\Users\kubas\.jdks\corretto-1.8.0_332\jre\bin\api-ms-win-crt-conio-l1-1-0.dll
0x00000254567f0000 - 0x00000254567f4000 	C:\Users\kubas\.jdks\corretto-1.8.0_332\jre\bin\api-ms-win-crt-convert-l1-1-0.dll
0x0000025456800000 - 0x0000025456803000 	C:\Users\kubas\.jdks\corretto-1.8.0_332\jre\bin\api-ms-win-crt-environment-l1-1-0.dll
0x0000025456810000 - 0x0000025456813000 	C:\Users\kubas\.jdks\corretto-1.8.0_332\jre\bin\api-ms-win-crt-filesystem-l1-1-0.dll
0x0000025456820000 - 0x0000025456823000 	C:\Users\kubas\.jdks\corretto-1.8.0_332\jre\bin\api-ms-win-crt-heap-l1-1-0.dll
0x0000025456830000 - 0x0000025456833000 	C:\Users\kubas\.jdks\corretto-1.8.0_332\jre\bin\api-ms-win-crt-locale-l1-1-0.dll
0x0000025456840000 - 0x0000025456845000 	C:\Users\kubas\.jdks\corretto-1.8.0_332\jre\bin\api-ms-win-crt-math-l1-1-0.dll
0x0000025456850000 - 0x0000025456855000 	C:\Users\kubas\.jdks\corretto-1.8.0_332\jre\bin\api-ms-win-crt-multibyte-l1-1-0.dll
0x0000025456860000 - 0x0000025456870000 	C:\Users\kubas\.jdks\corretto-1.8.0_332\jre\bin\api-ms-win-crt-private-l1-1-0.dll
0x0000025456870000 - 0x0000025456873000 	C:\Users\kubas\.jdks\corretto-1.8.0_332\jre\bin\api-ms-win-crt-process-l1-1-0.dll
0x0000025456880000 - 0x0000025456884000 	C:\Users\kubas\.jdks\corretto-1.8.0_332\jre\bin\api-ms-win-crt-runtime-l1-1-0.dll
0x0000025456890000 - 0x0000025456894000 	C:\Users\kubas\.jdks\corretto-1.8.0_332\jre\bin\api-ms-win-crt-stdio-l1-1-0.dll
0x00000254568a0000 - 0x00000254568a4000 	C:\Users\kubas\.jdks\corretto-1.8.0_332\jre\bin\api-ms-win-crt-string-l1-1-0.dll
0x00000254568b0000 - 0x00000254568b3000 	C:\Users\kubas\.jdks\corretto-1.8.0_332\jre\bin\api-ms-win-crt-time-l1-1-0.dll
0x00000254568c0000 - 0x00000254568c3000 	C:\Users\kubas\.jdks\corretto-1.8.0_332\jre\bin\api-ms-win-crt-utility-l1-1-0.dll
0x00007ffb5b2c0000 - 0x00007ffb5b3bc000 	C:\Users\kubas\.jdks\corretto-1.8.0_332\jre\bin\ucrtbase.dll
0x00007ffba34d0000 - 0x00007ffba34e5000 	C:\Users\kubas\.jdks\corretto-1.8.0_332\jre\bin\vcruntime140.dll
0x00007ffb5b220000 - 0x00007ffb5b2bb000 	C:\Users\kubas\.jdks\corretto-1.8.0_332\jre\bin\msvcp140.dll
0x00007ffb81760000 - 0x00007ffb817b1000 	C:\Users\kubas\.jdks\corretto-1.8.0_332\jre\bin\concrt140.dll
0x00007ffb81b90000 - 0x00007ffb81bb3000 	C:\Users\kubas\.jdks\corretto-1.8.0_332\jre\bin\prism_d3d.dll
0x00007ffba5bd0000 - 0x00007ffba5d76000 	C:\Windows\system32\d3d9.dll
0x00007ffb94cd0000 - 0x00007ffb94d89000 	C:\Windows\SYSTEM32\d3d9on12.dll
0x00007ffba78d0000 - 0x00007ffba78f2000 	C:\Windows\SYSTEM32\d3d12.dll
0x00007ffbb8cc0000 - 0x00007ffbb8db3000 	C:\Windows\SYSTEM32\dxgi.dll
0x00007ffbbb9b0000 - 0x00007ffbbb9fc000 	C:\Windows\SYSTEM32\cfgmgr32.dll
0x00007ffb5df00000 - 0x00007ffb5e104000 	C:\Windows\SYSTEM32\D3D12Core.dll
0x00007ffba69b0000 - 0x00007ffba69d4000 	C:\Windows\System32\DriverStore\FileRepository\iigd_dch.inf_amd64_aaa3915de44b535a\igd12umd64.dll
0x00007ffb507a0000 - 0x00007ffb513e6000 	C:\Windows\System32\DriverStore\FileRepository\iigd_dch.inf_amd64_aaa3915de44b535a\igd12um64xel.dll
0x00007ffbacc40000 - 0x00007ffbad052000 	C:\Windows\System32\DriverStore\FileRepository\iigd_dch.inf_amd64_aaa3915de44b535a\igdgmm64.dll
0x00007ffbae9e0000 - 0x00007ffbaea1a000 	C:\Windows\SYSTEM32\ControlLib.dll

VM Arguments:
jvm_args: -javaagent:C:\Program Files\JetBrains\IntelliJ IDEA 2022.2\lib\idea_rt.jar=65426:C:\Program Files\JetBrains\IntelliJ IDEA 2022.2\bin -Dfile.encoding=UTF-8 
java_command: zad1.Main
java_class_path (initial): C:\Users\kubas\.jdks\corretto-1.8.0_332\jre\lib\charsets.jar;C:\Users\kubas\.jdks\corretto-1.8.0_332\jre\lib\ext\access-bridge-64.jar;C:\Users\kubas\.jdks\corretto-1.8.0_332\jre\lib\ext\cldrdata.jar;C:\Users\kubas\.jdks\corretto-1.8.0_332\jre\lib\ext\dnsns.jar;C:\Users\kubas\.jdks\corretto-1.8.0_332\jre\lib\ext\jaccess.jar;C:\Users\kubas\.jdks\corretto-1.8.0_332\jre\lib\ext\jfxrt.jar;C:\Users\kubas\.jdks\corretto-1.8.0_332\jre\lib\ext\localedata.jar;C:\Users\kubas\.jdks\corretto-1.8.0_332\jre\lib\ext\nashorn.jar;C:\Users\kubas\.jdks\corretto-1.8.0_332\jre\lib\ext\sunec.jar;C:\Users\kubas\.jdks\corretto-1.8.0_332\jre\lib\ext\sunjce_provider.jar;C:\Users\kubas\.jdks\corretto-1.8.0_332\jre\lib\ext\sunmscapi.jar;C:\Users\kubas\.jdks\corretto-1.8.0_332\jre\lib\ext\sunpkcs11.jar;C:\Users\kubas\.jdks\corretto-1.8.0_332\jre\lib\ext\zipfs.jar;C:\Users\kubas\.jdks\corretto-1.8.0_332\jre\lib\jce.jar;C:\Users\kubas\.jdks\corretto-1.8.0_332\jre\lib\jfr.jar;C:\Users\kubas\.jdks\corretto-1.8.0_332\jre\lib\jfxswt.jar;C:\Users\kubas\.jdks\corretto-1.8.0_332\jre\lib\jsse.jar;C:\Users\kubas\.jdks\corretto-1.8.0_332\jre\lib\management-agent.jar;C:\Users\kubas\.jdks\corretto-1.8.0_332\jre\lib\resources.jar;C:\Users\kubas\.jdks\corretto-1.8.0_332\jre\lib\rt.jar;C:\Users\kubas\Desktop\Studia\Semestr_IV\TPO\TPO2_SJ_S25511\out\production\UTP41;C:\Users\kubas\Downloads\gson-2.10.1.jar;C:\Program Files\JetBrains\IntelliJ IDEA 2022.2\lib\idea_rt.jar
Launcher Type: SUN_STANDARD

Environment Variables:
JAVA_HOME=C:\Users\kubas\.jdks\openjdk-18.0.2
PATH=C:\Program Files\Microsoft MPI\Bin\;C:\Program Files (x86)\Microsoft SDKs\Azure\CLI2\wbin;C:\Windows\system32;C:\Windows;C:\Windows\System32\Wbem;C:\Windows\System32\WindowsPowerShell\v1.0\;C:\Windows\System32\OpenSSH\;C:\Program Files\Git\cmd;C:\Program Files (x86)\Microsoft SQL Server\150\Tools\Binn\;C:\Program Files\Microsoft SQL Server\150\Tools\Binn\;C:\Program Files (x86)\Microsoft SQL Server\150\DTS\Binn\;C:\Program Files\Microsoft SQL Server\150\DTS\Binn\;C:\Program Files\Microsoft SQL Server\Client SDK\ODBC\170\Tools\Binn\;C:\Program Files\Azure Data Studio\bin;C:\Program Files\dotnet\;C:\Program Files\PuTTY\;C:\Users\kubas\miniconda3;C:\Users\kubas\miniconda3\Library\mingw-w64\bin;C:\Users\kubas\miniconda3\Library\usr\bin;C:\Users\kubas\miniconda3\Library\bin;C:\Users\kubas\miniconda3\Scripts;C:\Users\kubas\AppData\Local\Programs\Python\Python311\Scripts\;C:\Users\kubas\AppData\Local\Programs\Python\Python311\;C:\Users\kubas\AppData\Local\Microsoft\WindowsApps;C:\Program Files\JetBrains\IntelliJ IDEA 2022.2\bin;;C:\Program Files\JetBrains\CLion 2022.2.4\bin;;C:\Users\kubas\.jdks\openjdk-18.0.2\bin;C:\Users\kubas\AppData\Local\Programs\Microsoft VS Code\bin;C:\Program Files\Azure Data Studio\bin;C:\Users\kubas\AppData\Local\GitHubDesktop\bin;C:\Users\kubas\.dotnet\tools;C:\Program Files\JetBrains\PyCharm 2022.3.2\bin;
USERNAME=kubas
OS=Windows_NT
PROCESSOR_IDENTIFIER=Intel64 Family 6 Model 154 Stepping 3, GenuineIntel



---------------  S Y S T E M  ---------------

OS: Windows 10.0 , 64 bit Build 22000 (10.0.22000.1516)

CPU:total 20 (initial active 20) (10 cores per cpu, 2 threads per core) family 6 model 154 stepping 3, cmov, cx8, fxsr, mmx, sse, sse2, sse3, ssse3, sse4.1, sse4.2, popcnt, avx, avx2, aes, clmul, erms, 3dnowpref, lzcnt, ht, tsc, tscinvbit, bmi1, bmi2, adx

Memory: 4k page, physical 33251052k(17556612k free), swap 38231788k(16425212k free)

vm_info: OpenJDK 64-Bit Server VM (25.332-b08) for windows-amd64 JRE (1.8.0_332-b08), built on Apr 16 2022 08:31:02 by "Administrator" with MS VC++ 12.0 (VS2013)

time: Thu Mar 23 00:12:49 2023
timezone: ?rodkowoeuropejski czas stand.
elapsed time: 1.821369 seconds (0d 0h 0m 1s)

